d:\syracuse\cse775 do\myproject\project1\searchcomponent\debug\searchcomponent.pch
d:\syracuse\cse775 do\myproject\project1\searchcomponent\debug\vc141.pdb
d:\syracuse\cse775 do\myproject\project1\searchcomponent\debug\vc141.idb
d:\syracuse\cse775 do\myproject\project1\searchcomponent\debug\stdafx.obj
d:\syracuse\cse775 do\myproject\project1\searchcomponent\debug\filemgrcomponent_i.obj
d:\syracuse\cse775 do\myproject\project1\searchcomponent\debug\xdlldata.obj
d:\syracuse\cse775 do\myproject\project1\searchcomponent\debug\dllmain.obj
d:\syracuse\cse775 do\myproject\project1\searchcomponent\debug\searchcomponent.obj
d:\syracuse\cse775 do\myproject\project1\searchcomponent\debug\textsearch.obj
d:\syracuse\cse775 do\myproject\project1\searchcomponent\debug\searchcomponent_i.obj
d:\syracuse\cse775 do\myproject\project1\debug\searchcomponent.ilk
d:\syracuse\cse775 do\myproject\project1\debug\searchcomponent.dll
d:\syracuse\cse775 do\myproject\project1\debug\searchcomponent.pdb
d:\syracuse\cse775 do\myproject\project1\searchcomponent\debug\searchcomponent.tlb
d:\syracuse\cse775 do\myproject\project1\searchcomponent\searchcomponent_p.c
d:\syracuse\cse775 do\myproject\project1\searchcomponent\searchcomponent_i.c
d:\syracuse\cse775 do\myproject\project1\searchcomponent\searchcomponent_i.h
d:\syracuse\cse775 do\myproject\project1\searchcomponent\debug\searchcomponent.res
d:\syracuse\cse775 do\myproject\project1\debug\searchcomponent.lib
d:\syracuse\cse775 do\myproject\project1\debug\searchcomponent.exp
d:\syracuse\cse775 do\myproject\project1\searchcomponent\debug\searchcomponent.tlog\cl.command.1.tlog
d:\syracuse\cse775 do\myproject\project1\searchcomponent\debug\searchcomponent.tlog\cl.read.1.tlog
d:\syracuse\cse775 do\myproject\project1\searchcomponent\debug\searchcomponent.tlog\cl.write.1.tlog
d:\syracuse\cse775 do\myproject\project1\searchcomponent\debug\searchcomponent.tlog\link.command.1.tlog
d:\syracuse\cse775 do\myproject\project1\searchcomponent\debug\searchcomponent.tlog\link.read.1.tlog
d:\syracuse\cse775 do\myproject\project1\searchcomponent\debug\searchcomponent.tlog\link.write.1.tlog
d:\syracuse\cse775 do\myproject\project1\searchcomponent\debug\searchcomponent.tlog\midl.command.1.tlog
d:\syracuse\cse775 do\myproject\project1\searchcomponent\debug\searchcomponent.tlog\midl.read.1.tlog
d:\syracuse\cse775 do\myproject\project1\searchcomponent\debug\searchcomponent.tlog\midl.write.1.tlog
d:\syracuse\cse775 do\myproject\project1\searchcomponent\debug\searchcomponent.tlog\rc.command.1.tlog
d:\syracuse\cse775 do\myproject\project1\searchcomponent\debug\searchcomponent.tlog\rc.read.1.tlog
d:\syracuse\cse775 do\myproject\project1\searchcomponent\debug\searchcomponent.tlog\rc.write.1.tlog
d:\syracuse\cse775 do\myproject\project1\searchcomponent\debug\searchcomponent.tlog\searchcomponent.write.1u.tlog
