d:\syracuse\cse775 do\myproject\project1\filemgrcomponent\debug\filemgrcomponent.pch
d:\syracuse\cse775 do\myproject\project1\filemgrcomponent\debug\vc141.pdb
d:\syracuse\cse775 do\myproject\project1\filemgrcomponent\debug\vc141.idb
d:\syracuse\cse775 do\myproject\project1\filemgrcomponent\debug\stdafx.obj
d:\syracuse\cse775 do\myproject\project1\filemgrcomponent\debug\dllmain.obj
d:\syracuse\cse775 do\myproject\project1\filemgrcomponent\debug\fileinfo.obj
d:\syracuse\cse775 do\myproject\project1\filemgrcomponent\debug\filemanager.obj
d:\syracuse\cse775 do\myproject\project1\filemgrcomponent\debug\filemgrcomponent.obj
d:\syracuse\cse775 do\myproject\project1\filemgrcomponent\debug\filemgrcomponent_i.obj
d:\syracuse\cse775 do\myproject\project1\filemgrcomponent\debug\xdlldata.obj
d:\syracuse\cse775 do\myproject\project1\debug\filemgrcomponent.lib
d:\syracuse\cse775 do\myproject\project1\debug\filemgrcomponent.exp
d:\syracuse\cse775 do\myproject\project1\debug\filemgrcomponent.ilk
d:\syracuse\cse775 do\myproject\project1\debug\filemgrcomponent.dll
d:\syracuse\cse775 do\myproject\project1\debug\filemgrcomponent.pdb
d:\syracuse\cse775 do\myproject\project1\filemgrcomponent\debug\filemgrcomponent.tlb
d:\syracuse\cse775 do\myproject\project1\filemgrcomponent\filemgrcomponent_p.c
d:\syracuse\cse775 do\myproject\project1\filemgrcomponent\filemgrcomponent_i.c
d:\syracuse\cse775 do\myproject\project1\filemgrcomponent\filemgrcomponent_i.h
d:\syracuse\cse775 do\myproject\project1\filemgrcomponent\debug\filemgrcomponent.res
d:\syracuse\cse775 do\myproject\project1\filemgrcomponent\debug\filemgrcomponent.tlog\cl.command.1.tlog
d:\syracuse\cse775 do\myproject\project1\filemgrcomponent\debug\filemgrcomponent.tlog\cl.read.1.tlog
d:\syracuse\cse775 do\myproject\project1\filemgrcomponent\debug\filemgrcomponent.tlog\cl.write.1.tlog
d:\syracuse\cse775 do\myproject\project1\filemgrcomponent\debug\filemgrcomponent.tlog\filemgrcomponent.write.1u.tlog
d:\syracuse\cse775 do\myproject\project1\filemgrcomponent\debug\filemgrcomponent.tlog\link.command.1.tlog
d:\syracuse\cse775 do\myproject\project1\filemgrcomponent\debug\filemgrcomponent.tlog\link.read.1.tlog
d:\syracuse\cse775 do\myproject\project1\filemgrcomponent\debug\filemgrcomponent.tlog\link.write.1.tlog
d:\syracuse\cse775 do\myproject\project1\filemgrcomponent\debug\filemgrcomponent.tlog\midl.command.1.tlog
d:\syracuse\cse775 do\myproject\project1\filemgrcomponent\debug\filemgrcomponent.tlog\midl.read.1.tlog
d:\syracuse\cse775 do\myproject\project1\filemgrcomponent\debug\filemgrcomponent.tlog\midl.write.1.tlog
d:\syracuse\cse775 do\myproject\project1\filemgrcomponent\debug\filemgrcomponent.tlog\rc.command.1.tlog
d:\syracuse\cse775 do\myproject\project1\filemgrcomponent\debug\filemgrcomponent.tlog\rc.read.1.tlog
d:\syracuse\cse775 do\myproject\project1\filemgrcomponent\debug\filemgrcomponent.tlog\rc.write.1.tlog
